Using pre-set license
Built from '2020.3/staging' branch; Version is '2020.3.5f1 (8095aa901b9b) revision 8426922'; Using compiler version '192528614'; Build Type 'Release'
OS: 'Windows 10 Pro; OS build 19041.1052; Version 2004; 64bit' Language: 'en' Physical Memory: 16265 MB
BatchMode: 1, IsHumanControllingUs: 0, StartBugReporterOnCrash: 0, Is64bit: 1, IsPro: 0

 COMMAND LINE ARGUMENTS:
D:\Apps\UnityEditors\2020.3.5f1\Editor\Unity.exe
-adb2
-batchMode
-noUpm
-name
AssetImportWorker0
-projectPath
D:/Unity Projects/Data-Persistant-Object
-logFile
Logs/AssetImportWorker0.log
-srvPort
55742
Successfully changed project path to: D:/Unity Projects/Data-Persistant-Object
D:/Unity Projects/Data-Persistant-Object
Using Asset Import Pipeline V2.
Refreshing native plugins compatible for Editor in 61.95 ms, found 0 plugins.
Preloading 0 native plugins for Editor in 0.00 ms.
Initialize engine version: 2020.3.5f1 (8095aa901b9b)
[Subsystems] Discovering subsystems at path D:/Apps/UnityEditors/2020.3.5f1/Editor/Data/Resources/UnitySubsystems
[Subsystems] Discovering subsystems at path D:/Unity Projects/Data-Persistant-Object/Assets
GfxDevice: creating device client; threaded=0
Direct3D:
    Version:  Direct3D 11.0 [level 11.1]
    Renderer: NVIDIA GeForce GTX 980M (ID=0x13d7)
    Vendor:   
    VRAM:     4053 MB
    Driver:   26.21.14.4259
Shader 'Universal Render Pipeline/Particles/Lit': fallback shader 'Universal Render Pipeline/Particles/SimpleLit' not found
Initialize mono
Mono path[0] = 'D:/Apps/UnityEditors/2020.3.5f1/Editor/Data/Managed'
Mono path[1] = 'D:/Apps/UnityEditors/2020.3.5f1/Editor/Data/MonoBleedingEdge/lib/mono/unityjit'
Mono config path = 'D:/Apps/UnityEditors/2020.3.5f1/Editor/Data/MonoBleedingEdge/etc'
Using monoOptions --debugger-agent=transport=dt_socket,embedding=1,server=y,suspend=n,address=127.0.0.1:56904
Begin MonoManager ReloadAssembly
Registering precompiled unity dll's ...
Register platform support module: D:/Apps/UnityEditors/2020.3.5f1/Editor/Data/PlaybackEngines/WebGLSupport/UnityEditor.WebGL.Extensions.dll
Register platform support module: D:/Apps/UnityEditors/2020.3.5f1/Editor/Data/PlaybackEngines/WindowsStandaloneSupport/UnityEditor.WindowsStandalone.Extensions.dll
Registered in 0.001891 seconds.
Native extension for WindowsStandalone target not found
Native extension for WebGL target not found
Refreshing native plugins compatible for Editor in 60.77 ms, found 0 plugins.
Preloading 0 native plugins for Editor in 0.00 ms.
Mono: successfully reloaded assembly
- Completed reload, in  2.415 seconds
Platform modules already initialized, skipping
Registering precompiled user dll's ...
Registered in 0.002118 seconds.
Begin MonoManager ReloadAssembly
Native extension for WindowsStandalone target not found
Native extension for WebGL target not found
Refreshing native plugins compatible for Editor in 53.30 ms, found 0 plugins.
Preloading 0 native plugins for Editor in 0.00 ms.
Mono: successfully reloaded assembly
- Completed reload, in  1.286 seconds
Platform modules already initialized, skipping
========================================================================
Worker process is ready to serve import requests
Shader 'Universal Render Pipeline/Particles/Lit': fallback shader 'Universal Render Pipeline/Particles/SimpleLit' not found
Launched and connected shader compiler UnityShaderCompiler.exe after 0.07 seconds
Refreshing native plugins compatible for Editor in 0.45 ms, found 0 plugins.
Preloading 0 native plugins for Editor in 0.00 ms.
Unloading 2438 Unused Serialized files (Serialized files now loaded: 0)
System memory in use before: 115.8 MB.
System memory in use after: 116.0 MB.

Unloading 10 unused Assets to reduce memory usage. Loaded Objects now: 2880.
Total: 3.251200 ms (FindLiveObjects: 0.946600 ms CreateObjectMapping: 0.183200 ms MarkObjects: 1.983700 ms  DeleteObjects: 0.136500 ms)

========================================================================
Received Import Request.
  path: Assets/Scripts/MainManager.cs
  artifactKey: Guid(d110623a642692246a42fbc2d8d89884) Importer(815301076,1909f56bfc062723c751e8b465ee728b)
Start importing Assets/Scripts/MainManager.cs using Guid(d110623a642692246a42fbc2d8d89884) Importer(815301076,1909f56bfc062723c751e8b465ee728b)  -> (artifact id: 'd506417e79bb9faf1017c3ee3aa59104') in 0.064909 seconds
  Import took 0.085410 seconds .

========================================================================
Received Import Request.
  Time since last request: 43.165972 seconds.
  path: Assets/Scripts/MainManager.cs
  artifactKey: Guid(d110623a642692246a42fbc2d8d89884) Importer(815301076,1909f56bfc062723c751e8b465ee728b)
Start importing Assets/Scripts/MainManager.cs using Guid(d110623a642692246a42fbc2d8d89884) Importer(815301076,1909f56bfc062723c751e8b465ee728b)  -> (artifact id: '225da71f14c709559543221089a7cd6f') in 0.005962 seconds
  Import took 0.032514 seconds .

========================================================================
Received Import Request.
  Time since last request: 2.898643 seconds.
  path: Assets/Scripts/MainManager.cs
  artifactKey: Guid(d110623a642692246a42fbc2d8d89884) Importer(815301076,1909f56bfc062723c751e8b465ee728b)
Start importing Assets/Scripts/MainManager.cs using Guid(d110623a642692246a42fbc2d8d89884) Importer(815301076,1909f56bfc062723c751e8b465ee728b)  -> (artifact id: '3fdd15826a8550a1906ba850c5ef7e14') in 0.002460 seconds
  Import took 0.007950 seconds .

========================================================================
Received Import Request.
  Time since last request: 3.580367 seconds.
  path: Assets/Scripts/MainManager.cs
  artifactKey: Guid(d110623a642692246a42fbc2d8d89884) Importer(815301076,1909f56bfc062723c751e8b465ee728b)
Start importing Assets/Scripts/MainManager.cs using Guid(d110623a642692246a42fbc2d8d89884) Importer(815301076,1909f56bfc062723c751e8b465ee728b)  -> (artifact id: '9ab0457eeb5e66f53c0469728928a7ca') in 0.006763 seconds
  Import took 0.037795 seconds .

========================================================================
Received Import Request.
  Time since last request: 15.114864 seconds.
  path: Assets/Scripts/MainManager.cs
  artifactKey: Guid(d110623a642692246a42fbc2d8d89884) Importer(815301076,1909f56bfc062723c751e8b465ee728b)
Start importing Assets/Scripts/MainManager.cs using Guid(d110623a642692246a42fbc2d8d89884) Importer(815301076,1909f56bfc062723c751e8b465ee728b)  -> (artifact id: 'ac0d63671e0b11ee4407c5c9514f540c') in 0.002810 seconds
  Import took 0.030949 seconds .

========================================================================
Received Import Request.
  Time since last request: 19.381077 seconds.
  path: Assets/Scripts/MainManager.cs
  artifactKey: Guid(d110623a642692246a42fbc2d8d89884) Importer(815301076,1909f56bfc062723c751e8b465ee728b)
Start importing Assets/Scripts/MainManager.cs using Guid(d110623a642692246a42fbc2d8d89884) Importer(815301076,1909f56bfc062723c751e8b465ee728b)  -> (artifact id: 'fbd2be3792baa412ad1513c46b12a70b') in 0.003047 seconds
  Import took 0.043450 seconds .

========================================================================
Received Import Request.
  Time since last request: 40.902185 seconds.
  path: Assets/Scripts/MainManager.cs
  artifactKey: Guid(d110623a642692246a42fbc2d8d89884) Importer(815301076,1909f56bfc062723c751e8b465ee728b)
Start importing Assets/Scripts/MainManager.cs using Guid(d110623a642692246a42fbc2d8d89884) Importer(815301076,1909f56bfc062723c751e8b465ee728b)  -> (artifact id: '4b42ab4b593e20d0f8e93ed4f7668924') in 0.002629 seconds
  Import took 0.021150 seconds .

========================================================================
Received Import Request.
  Time since last request: 556.159964 seconds.
  path: Assets/Scripts/MainManager.cs
  artifactKey: Guid(d110623a642692246a42fbc2d8d89884) Importer(815301076,1909f56bfc062723c751e8b465ee728b)
Start importing Assets/Scripts/MainManager.cs using Guid(d110623a642692246a42fbc2d8d89884) Importer(815301076,1909f56bfc062723c751e8b465ee728b)  -> (artifact id: 'b6df9af659ec8bb895e8fc74d61769b4') in 0.005053 seconds
  Import took 0.033284 seconds .

========================================================================
Received Import Request.
  Time since last request: 12.666416 seconds.
  path: Assets/Scripts/MainManager.cs
  artifactKey: Guid(d110623a642692246a42fbc2d8d89884) Importer(815301076,1909f56bfc062723c751e8b465ee728b)
Start importing Assets/Scripts/MainManager.cs using Guid(d110623a642692246a42fbc2d8d89884) Importer(815301076,1909f56bfc062723c751e8b465ee728b)  -> (artifact id: 'f3ff64a7263c7effa2d724cad899c3d7') in 0.002361 seconds
  Import took 0.039303 seconds .

========================================================================
Received Prepare
Registering precompiled user dll's ...
Registered in 0.001368 seconds.
Begin MonoManager ReloadAssembly
Native extension for WindowsStandalone target not found
Native extension for WebGL target not found
Refreshing native plugins compatible for Editor in 0.48 ms, found 0 plugins.
Preloading 0 native plugins for Editor in 0.00 ms.
Mono: successfully reloaded assembly
- Completed reload, in  1.404 seconds
Platform modules already initialized, skipping
Shader 'Universal Render Pipeline/Particles/Lit': fallback shader 'Universal Render Pipeline/Particles/SimpleLit' not found
Refreshing native plugins compatible for Editor in 0.50 ms, found 0 plugins.
Preloading 0 native plugins for Editor in 0.00 ms.
Unloading 2316 Unused Serialized files (Serialized files now loaded: 0)
System memory in use before: 107.6 MB.
System memory in use after: 107.8 MB.

Unloading 5 unused Assets to reduce memory usage. Loaded Objects now: 2883.
Total: 4.971800 ms (FindLiveObjects: 0.518100 ms CreateObjectMapping: 0.160100 ms MarkObjects: 4.262500 ms  DeleteObjects: 0.028900 ms)

========================================================================
Received Import Request.
  Time since last request: 106.359309 seconds.
  path: Assets/Scenes/Menu.unity
  artifactKey: Guid(2075051caff99d740b1c78a6ea128a02) Importer(815301076,1909f56bfc062723c751e8b465ee728b)
Start importing Assets/Scenes/Menu.unity using Guid(2075051caff99d740b1c78a6ea128a02) Importer(815301076,1909f56bfc062723c751e8b465ee728b)  -> (artifact id: 'b0828d0bd601eda5093855287b7188e9') in 0.017831 seconds
  Import took 0.072946 seconds .

========================================================================
Received Prepare
Registering precompiled user dll's ...
Registered in 0.001827 seconds.
Begin MonoManager ReloadAssembly
Native extension for WindowsStandalone target not found
Native extension for WebGL target not found
Refreshing native plugins compatible for Editor in 0.46 ms, found 0 plugins.
Preloading 0 native plugins for Editor in 0.00 ms.
Mono: successfully reloaded assembly
- Completed reload, in  1.522 seconds
Platform modules already initialized, skipping
Shader 'Universal Render Pipeline/Particles/Lit': fallback shader 'Universal Render Pipeline/Particles/SimpleLit' not found
Refreshing native plugins compatible for Editor in 0.40 ms, found 0 plugins.
Preloading 0 native plugins for Editor in 0.00 ms.
Unloading 2316 Unused Serialized files (Serialized files now loaded: 0)
System memory in use before: 107.7 MB.
System memory in use after: 107.9 MB.

Unloading 5 unused Assets to reduce memory usage. Loaded Objects now: 2886.
Total: 3.718500 ms (FindLiveObjects: 0.457800 ms CreateObjectMapping: 0.164600 ms MarkObjects: 3.072700 ms  DeleteObjects: 0.021700 ms)

========================================================================
Received Prepare
Registering precompiled user dll's ...
Registered in 0.003008 seconds.
Begin MonoManager ReloadAssembly
Native extension for WindowsStandalone target not found
Native extension for WebGL target not found
Refreshing native plugins compatible for Editor in 0.51 ms, found 0 plugins.
Preloading 0 native plugins for Editor in 0.00 ms.
Mono: successfully reloaded assembly
- Completed reload, in  1.526 seconds
Platform modules already initialized, skipping
Shader 'Universal Render Pipeline/Particles/Lit': fallback shader 'Universal Render Pipeline/Particles/SimpleLit' not found
Refreshing native plugins compatible for Editor in 0.41 ms, found 0 plugins.
Preloading 0 native plugins for Editor in 0.00 ms.
Unloading 2316 Unused Serialized files (Serialized files now loaded: 0)
System memory in use before: 107.7 MB.
System memory in use after: 107.9 MB.

Unloading 5 unused Assets to reduce memory usage. Loaded Objects now: 2889.
Total: 3.022700 ms (FindLiveObjects: 0.368400 ms CreateObjectMapping: 0.130100 ms MarkObjects: 2.482200 ms  DeleteObjects: 0.040700 ms)

AssetImportWorkerClient::OnTransportError - code=2 error=End of file
